Arguments: 
  /usr/local/bin/node /usr/local/bin/yarn add chai

PATH: 
  /opt/homebrew/bin:/opt/homebrew/sbin:/Library/Frameworks/Python.framework/Versions/3.9/bin:/usr/local/bin:/usr/bin:/bin:/usr/sbin:/sbin:/Users/abelsamot/opt/anaconda3/bin:/Users/abelsamot/opt/anaconda3/condabin:/opt/homebrew/bin:/opt/homebrew/sbin:/Library/Frameworks/Python.framework/Versions/3.9/bin

Yarn version: 
  1.22.17

Node version: 
  16.16.0

Platform: 
  darwin arm64

Trace: 
  Error: EACCES: permission denied, unlink '/Users/abelsamot/Desktop/Test-To-Earn App/server/node_modules/superagent/node_modules/.bin/mime'

npm manifest: 
  {
    "name": "backend",
    "version": "1.0.0",
    "description": "",
    "main": "index.js",
    "scripts": {
      "start": "node app.js"
    },
    "author": "",
    "license": "ISC",
    "dependencies": {
      "@forestadmin/agent": "^1.0.0-beta.47",
      "@forestadmin/datasource-mongoose": "^1.0.0-beta.15",
      "child_process": "^1.0.2",
      "cors": "^2.8.5",
      "express": "^4.18.1",
      "fs": "^0.0.1-security",
      "mongodb": "^4.8.1",
      "mongoose": "^6.5.0",
      "path": "^0.12.7",
      "python-shell": "^3.0.1",
      "react-moralis": "^1.3.5",
      "react-router-dom": "^5.3.0",
      "walletconnect": "^1.7.8",
      "web-vitals": "^2.1.4",
      "web3": "^1.7.5"
    },
    "devDependencies": {
      "jest": "^28.1.3"
    }
  }

yarn manifest: 
  No manifest

Lockfile: 
  No lockfile
